<?xml version="1.0" encoding="UTF-8"?>
<coverage generated="1654604735554" clover="3.2.0">
  <project timestamp="1654604735555" name="All files">
    <metrics statements="85" coveredstatements="85" conditionals="54" coveredconditionals="51" methods="19" coveredmethods="19" elements="158" coveredelements="155" complexity="0" loc="85" ncloc="85" packages="2" files="9" classes="9"/>
    <package name="src">
      <metrics statements="35" coveredstatements="35" conditionals="25" coveredconditionals="23" methods="7" coveredmethods="7"/>
      <file name="index.js" path="/home/chebok/fullstack-javascript-project-lvl2/src/index.js">
        <metrics statements="5" coveredstatements="5" conditionals="1" coveredconditionals="1" methods="1" coveredmethods="1"/>
        <line num="4" count="1" type="cond" truecount="1" falsecount="0"/>
        <line num="5" count="4" type="stmt"/>
        <line num="6" count="4" type="stmt"/>
        <line num="7" count="4" type="stmt"/>
        <line num="8" count="4" type="stmt"/>
      </file>
      <file name="isObject.js" path="/home/chebok/fullstack-javascript-project-lvl2/src/isObject.js">
        <metrics statements="1" coveredstatements="1" conditionals="2" coveredconditionals="2" methods="1" coveredmethods="1"/>
        <line num="1" count="77" type="cond" truecount="2" falsecount="0"/>
      </file>
      <file name="makeDiff.js" path="/home/chebok/fullstack-javascript-project-lvl2/src/makeDiff.js">
        <metrics statements="16" coveredstatements="16" conditionals="10" coveredconditionals="10" methods="2" coveredmethods="2"/>
        <line num="4" count="1" type="stmt"/>
        <line num="5" count="10" type="stmt"/>
        <line num="6" count="10" type="stmt"/>
        <line num="7" count="10" type="stmt"/>
        <line num="8" count="10" type="stmt"/>
        <line num="9" count="36" type="cond" truecount="2" falsecount="0"/>
        <line num="10" count="4" type="stmt"/>
        <line num="12" count="32" type="cond" truecount="2" falsecount="0"/>
        <line num="13" count="10" type="stmt"/>
        <line num="15" count="22" type="cond" truecount="4" falsecount="0"/>
        <line num="16" count="8" type="stmt"/>
        <line num="18" count="14" type="cond" truecount="2" falsecount="0"/>
        <line num="19" count="8" type="stmt"/>
        <line num="20" count="6" type="stmt"/>
        <line num="22" count="10" type="stmt"/>
        <line num="23" count="10" type="stmt"/>
      </file>
      <file name="parsers.js" path="/home/chebok/fullstack-javascript-project-lvl2/src/parsers.js">
        <metrics statements="4" coveredstatements="4" conditionals="2" coveredconditionals="1" methods="1" coveredmethods="1"/>
        <line num="5" count="1" type="stmt"/>
        <line num="6" count="8" type="stmt"/>
        <line num="7" count="8" type="cond" truecount="1" falsecount="1"/>
        <line num="8" count="8" type="stmt"/>
      </file>
      <file name="stringify.js" path="/home/chebok/fullstack-javascript-project-lvl2/src/stringify.js">
        <metrics statements="9" coveredstatements="9" conditionals="10" coveredconditionals="9" methods="2" coveredmethods="2"/>
        <line num="1" count="1" type="cond" truecount="1" falsecount="1"/>
        <line num="2" count="42" type="cond" truecount="4" falsecount="0"/>
        <line num="3" count="28" type="stmt"/>
        <line num="5" count="14" type="stmt"/>
        <line num="6" count="14" type="stmt"/>
        <line num="7" count="18" type="cond" truecount="4" falsecount="0"/>
        <line num="8" count="12" type="stmt"/>
        <line num="9" count="6" type="stmt"/>
        <line num="11" count="14" type="stmt"/>
      </file>
    </package>
    <package name="src.formatters">
      <metrics statements="50" coveredstatements="50" conditionals="29" coveredconditionals="28" methods="12" coveredmethods="12"/>
      <file name="index.js" path="/home/chebok/fullstack-javascript-project-lvl2/src/formatters/index.js">
        <metrics statements="5" coveredstatements="5" conditionals="3" coveredconditionals="3" methods="1" coveredmethods="1"/>
        <line num="5" count="1" type="stmt"/>
        <line num="6" count="4" type="cond" truecount="3" falsecount="0"/>
        <line num="8" count="2" type="stmt"/>
        <line num="10" count="1" type="stmt"/>
        <line num="12" count="1" type="stmt"/>
      </file>
      <file name="json.js" path="/home/chebok/fullstack-javascript-project-lvl2/src/formatters/json.js">
        <metrics statements="4" coveredstatements="4" conditionals="0" coveredconditionals="0" methods="1" coveredmethods="1"/>
        <line num="3" count="1" type="stmt"/>
        <line num="4" count="1" type="stmt"/>
        <line num="5" count="1" type="stmt"/>
        <line num="6" count="1" type="stmt"/>
      </file>
      <file name="plain.js" path="/home/chebok/fullstack-javascript-project-lvl2/src/formatters/plain.js">
        <metrics statements="21" coveredstatements="21" conditionals="10" coveredconditionals="10" methods="6" coveredmethods="6"/>
        <line num="4" count="1" type="stmt"/>
        <line num="5" count="1" type="stmt"/>
        <line num="6" count="1" type="cond" truecount="1" falsecount="0"/>
        <line num="7" count="5" type="stmt"/>
        <line num="8" count="18" type="stmt"/>
        <line num="9" count="13" type="cond" truecount="2" falsecount="0"/>
        <line num="10" count="3" type="stmt"/>
        <line num="12" count="10" type="cond" truecount="2" falsecount="0"/>
        <line num="13" count="7" type="stmt"/>
        <line num="14" count="3" type="stmt"/>
        <line num="16" count="18" type="cond" truecount="5" falsecount="0"/>
        <line num="18" count="2" type="stmt"/>
        <line num="20" count="5" type="stmt"/>
        <line num="22" count="4" type="stmt"/>
        <line num="24" count="3" type="stmt"/>
        <line num="26" count="4" type="stmt"/>
        <line num="29" count="5" type="stmt"/>
        <line num="30" count="18" type="stmt"/>
        <line num="31" count="5" type="stmt"/>
        <line num="32" count="5" type="stmt"/>
        <line num="34" count="1" type="stmt"/>
      </file>
      <file name="stylish.js" path="/home/chebok/fullstack-javascript-project-lvl2/src/formatters/stylish.js">
        <metrics statements="20" coveredstatements="20" conditionals="16" coveredconditionals="15" methods="4" coveredmethods="4"/>
        <line num="5" count="1" type="stmt"/>
        <line num="6" count="2" type="cond" truecount="2" falsecount="0"/>
        <line num="7" count="10" type="stmt"/>
        <line num="8" count="10" type="stmt"/>
        <line num="9" count="10" type="stmt"/>
        <line num="10" count="10" type="stmt"/>
        <line num="11" count="36" type="cond" truecount="4" falsecount="0"/>
        <line num="12" count="22" type="cond" truecount="4" falsecount="0"/>
        <line num="13" count="8" type="stmt"/>
        <line num="15" count="14" type="cond" truecount="2" falsecount="0"/>
        <line num="16" count="6" type="stmt"/>
        <line num="17" count="8" type="stmt"/>
        <line num="19" count="14" type="cond" truecount="2" falsecount="0"/>
        <line num="20" count="4" type="stmt"/>
        <line num="22" count="10" type="cond" truecount="1" falsecount="1"/>
        <line num="23" count="10" type="stmt"/>
        <line num="26" count="10" type="stmt"/>
        <line num="27" count="10" type="stmt"/>
        <line num="28" count="10" type="stmt"/>
        <line num="30" count="2" type="stmt"/>
      </file>
    </package>
  </project>
</coverage>
