<?xml version="1.0" encoding="UTF-8"?>
<coverage generated="1654452507568" clover="3.2.0">
  <project timestamp="1654452507568" name="All files">
    <metrics statements="46" coveredstatements="44" conditionals="39" coveredconditionals="34" methods="8" coveredmethods="8" elements="93" coveredelements="86" complexity="0" loc="46" ncloc="46" packages="1" files="4" classes="4"/>
    <file name="index.js" path="/home/chebok/fullstack-javascript-project-lvl2/src/index.js">
      <metrics statements="25" coveredstatements="24" conditionals="19" coveredconditionals="17" methods="4" coveredmethods="4"/>
      <line num="7" count="1" type="cond" truecount="1" falsecount="0"/>
      <line num="9" count="5" type="stmt"/>
      <line num="10" count="5" type="stmt"/>
      <line num="15" count="5" type="cond" truecount="2" falsecount="0"/>
      <line num="16" count="13" type="stmt"/>
      <line num="17" count="44" type="cond" truecount="4" falsecount="0"/>
      <line num="18" count="26" type="cond" truecount="4" falsecount="0"/>
      <line num="19" count="8" type="stmt"/>
      <line num="21" count="18" type="cond" truecount="2" falsecount="0"/>
      <line num="22" count="7" type="stmt"/>
      <line num="23" count="11" type="stmt"/>
      <line num="25" count="18" type="cond" truecount="2" falsecount="0"/>
      <line num="26" count="8" type="stmt"/>
      <line num="28" count="10" type="cond" truecount="1" falsecount="1"/>
      <line num="29" count="10" type="stmt"/>
      <line num="32" count="13" type="stmt"/>
      <line num="33" count="13" type="stmt"/>
      <line num="34" count="13" type="stmt"/>
      <line num="35" count="13" type="stmt"/>
      <line num="36" count="13" type="stmt"/>
      <line num="37" count="13" type="cond" truecount="1" falsecount="1"/>
      <line num="38" count="13" type="stmt"/>
      <line num="40" count="0" type="stmt"/>
      <line num="42" count="5" type="stmt"/>
      <line num="43" count="5" type="stmt"/>
    </file>
    <file name="isObject.js" path="/home/chebok/fullstack-javascript-project-lvl2/src/isObject.js">
      <metrics statements="2" coveredstatements="2" conditionals="2" coveredconditionals="2" methods="1" coveredmethods="1"/>
      <line num="1" count="1" type="stmt"/>
      <line num="2" count="36" type="cond" truecount="2" falsecount="0"/>
    </file>
    <file name="parsers.js" path="/home/chebok/fullstack-javascript-project-lvl2/src/parsers.js">
      <metrics statements="10" coveredstatements="9" conditionals="8" coveredconditionals="6" methods="1" coveredmethods="1"/>
      <line num="4" count="1" type="stmt"/>
      <line num="5" count="10" type="stmt"/>
      <line num="6" count="10" type="stmt"/>
      <line num="7" count="10" type="cond" truecount="1" falsecount="1"/>
      <line num="8" count="0" type="stmt"/>
      <line num="10" count="10" type="stmt"/>
      <line num="11" count="10" type="cond" truecount="2" falsecount="0"/>
      <line num="12" count="6" type="stmt"/>
      <line num="14" count="4" type="cond" truecount="3" falsecount="1"/>
      <line num="15" count="4" type="stmt"/>
    </file>
    <file name="stringify.js" path="/home/chebok/fullstack-javascript-project-lvl2/src/stringify.js">
      <metrics statements="9" coveredstatements="9" conditionals="10" coveredconditionals="9" methods="2" coveredmethods="2"/>
      <line num="1" count="1" type="cond" truecount="1" falsecount="1"/>
      <line num="2" count="53" type="cond" truecount="4" falsecount="0"/>
      <line num="3" count="39" type="stmt"/>
      <line num="5" count="14" type="stmt"/>
      <line num="6" count="14" type="stmt"/>
      <line num="7" count="18" type="cond" truecount="4" falsecount="0"/>
      <line num="8" count="12" type="stmt"/>
      <line num="9" count="6" type="stmt"/>
      <line num="11" count="14" type="stmt"/>
    </file>
  </project>
</coverage>
