{"/home/chebok/fullstack-javascript-project-lvl2/src/index.js": {"path":"/home/chebok/fullstack-javascript-project-lvl2/src/index.js","statementMap":{"0":{"start":{"line":6,"column":16},"end":{"line":39,"column":1}},"1":{"start":{"line":7,"column":18},"end":{"line":7,"column":66}},"2":{"start":{"line":8,"column":14},"end":{"line":8,"column":23}},"3":{"start":{"line":9,"column":14},"end":{"line":9,"column":23}},"4":{"start":{"line":10,"column":2},"end":{"line":12,"column":3}},"5":{"start":{"line":11,"column":4},"end":{"line":11,"column":86}},"6":{"start":{"line":13,"column":2},"end":{"line":15,"column":3}},"7":{"start":{"line":14,"column":4},"end":{"line":14,"column":86}},"8":{"start":{"line":17,"column":15},"end":{"line":17,"column":29}},"9":{"start":{"line":18,"column":15},"end":{"line":18,"column":29}},"10":{"start":{"line":19,"column":16},"end":{"line":19,"column":33}},"11":{"start":{"line":20,"column":16},"end":{"line":20,"column":33}},"12":{"start":{"line":21,"column":19},"end":{"line":21,"column":60}},"13":{"start":{"line":23,"column":19},"end":{"line":35,"column":3}},"14":{"start":{"line":24,"column":6},"end":{"line":28,"column":7}},"15":{"start":{"line":25,"column":8},"end":{"line":27,"column":9}},"16":{"start":{"line":26,"column":10},"end":{"line":26,"column":46}},"17":{"start":{"line":27,"column":10},"end":{"line":27,"column":72}},"18":{"start":{"line":29,"column":6},"end":{"line":31,"column":7}},"19":{"start":{"line":30,"column":8},"end":{"line":30,"column":44}},"20":{"start":{"line":32,"column":6},"end":{"line":34,"column":7}},"21":{"start":{"line":33,"column":8},"end":{"line":33,"column":44}},"22":{"start":{"line":36,"column":21},"end":{"line":36,"column":43}},"23":{"start":{"line":37,"column":22},"end":{"line":37,"column":54}},"24":{"start":{"line":38,"column":2},"end":{"line":38,"column":21}}},"fnMap":{"0":{"name":"(anonymous_0)","decl":{"start":{"line":6,"column":16},"end":{"line":6,"column":17}},"loc":{"start":{"line":6,"column":42},"end":{"line":39,"column":1}},"line":6},"1":{"name":"(anonymous_1)","decl":{"start":{"line":23,"column":19},"end":{"line":23,"column":20}},"loc":{"start":{"line":23,"column":28},"end":{"line":35,"column":3}},"line":23}},"branchMap":{"0":{"loc":{"start":{"line":10,"column":2},"end":{"line":12,"column":3}},"type":"if","locations":[{"start":{"line":10,"column":2},"end":{"line":12,"column":3}},{"start":{},"end":{}}],"line":10},"1":{"loc":{"start":{"line":13,"column":2},"end":{"line":15,"column":3}},"type":"if","locations":[{"start":{"line":13,"column":2},"end":{"line":15,"column":3}},{"start":{},"end":{}}],"line":13},"2":{"loc":{"start":{"line":24,"column":6},"end":{"line":28,"column":7}},"type":"if","locations":[{"start":{"line":24,"column":6},"end":{"line":28,"column":7}},{"start":{},"end":{}}],"line":24},"3":{"loc":{"start":{"line":24,"column":10},"end":{"line":24,"column":52}},"type":"binary-expr","locations":[{"start":{"line":24,"column":10},"end":{"line":24,"column":29}},{"start":{"line":24,"column":33},"end":{"line":24,"column":52}}],"line":24},"4":{"loc":{"start":{"line":25,"column":8},"end":{"line":27,"column":9}},"type":"if","locations":[{"start":{"line":25,"column":8},"end":{"line":27,"column":9}},{"start":{},"end":{}}],"line":25},"5":{"loc":{"start":{"line":29,"column":6},"end":{"line":31,"column":7}},"type":"if","locations":[{"start":{"line":29,"column":6},"end":{"line":31,"column":7}},{"start":{},"end":{}}],"line":29},"6":{"loc":{"start":{"line":32,"column":6},"end":{"line":34,"column":7}},"type":"if","locations":[{"start":{"line":32,"column":6},"end":{"line":34,"column":7}},{"start":{},"end":{}}],"line":32}},"s":{"0":1,"1":3,"2":3,"3":3,"4":3,"5":0,"6":3,"7":0,"8":3,"9":3,"10":3,"11":3,"12":3,"13":3,"14":8,"15":4,"16":1,"17":3,"18":4,"19":4,"20":0,"21":0,"22":3,"23":3,"24":3},"f":{"0":3,"1":8},"b":{"0":[0,3],"1":[0,3],"2":[4,4],"3":[8,8],"4":[1,3],"5":[4,0],"6":[0,0]},"_coverageSchema":"1a1c01bbd47fc00a2c39e90264f33305004495a9","hash":"2aec5c16024263a8df13947a89fe439df5460a9f"}
,"/home/chebok/fullstack-javascript-project-lvl2/src/parsers.js": {"path":"/home/chebok/fullstack-javascript-project-lvl2/src/parsers.js","statementMap":{"0":{"start":{"line":4,"column":16},"end":{"line":12,"column":1}},"1":{"start":{"line":5,"column":14},"end":{"line":5,"column":36}},"2":{"start":{"line":6,"column":2},"end":{"line":8,"column":3}},"3":{"start":{"line":7,"column":4},"end":{"line":7,"column":46}},"4":{"start":{"line":9,"column":2},"end":{"line":11,"column":3}},"5":{"start":{"line":10,"column":4},"end":{"line":10,"column":45}}},"fnMap":{"0":{"name":"(anonymous_0)","decl":{"start":{"line":4,"column":16},"end":{"line":4,"column":17}},"loc":{"start":{"line":4,"column":30},"end":{"line":12,"column":1}},"line":4}},"branchMap":{"0":{"loc":{"start":{"line":6,"column":2},"end":{"line":8,"column":3}},"type":"if","locations":[{"start":{"line":6,"column":2},"end":{"line":8,"column":3}},{"start":{},"end":{}}],"line":6},"1":{"loc":{"start":{"line":9,"column":2},"end":{"line":11,"column":3}},"type":"if","locations":[{"start":{"line":9,"column":2},"end":{"line":11,"column":3}},{"start":{},"end":{}}],"line":9},"2":{"loc":{"start":{"line":9,"column":6},"end":{"line":9,"column":39}},"type":"binary-expr","locations":[{"start":{"line":9,"column":6},"end":{"line":9,"column":21}},{"start":{"line":9,"column":25},"end":{"line":9,"column":39}}],"line":9}},"s":{"0":1,"1":6,"2":6,"3":4,"4":2,"5":2},"f":{"0":6},"b":{"0":[4,2],"1":[2,0],"2":[2,1]},"_coverageSchema":"1a1c01bbd47fc00a2c39e90264f33305004495a9","hash":"db8bc18abdbe0f3a3d4b8ba61b581db457b33441"}
}
