{"/home/chebok/fullstack-javascript-project-lvl2/src/index.js": {"path":"/home/chebok/fullstack-javascript-project-lvl2/src/index.js","statementMap":{"0":{"start":{"line":4,"column":16},"end":{"line":9,"column":1}},"1":{"start":{"line":5,"column":15},"end":{"line":5,"column":33}},"2":{"start":{"line":6,"column":15},"end":{"line":6,"column":33}},"3":{"start":{"line":7,"column":15},"end":{"line":7,"column":43}},"4":{"start":{"line":8,"column":2},"end":{"line":8,"column":14}}},"fnMap":{"0":{"name":"(anonymous_0)","decl":{"start":{"line":4,"column":16},"end":{"line":4,"column":17}},"loc":{"start":{"line":4,"column":62},"end":{"line":9,"column":1}},"line":4}},"branchMap":{"0":{"loc":{"start":{"line":4,"column":39},"end":{"line":4,"column":57}},"type":"default-arg","locations":[{"start":{"line":4,"column":48},"end":{"line":4,"column":57}}],"line":4}},"s":{"0":1,"1":4,"2":4,"3":4,"4":4},"f":{"0":4},"b":{"0":[2]},"_coverageSchema":"1a1c01bbd47fc00a2c39e90264f33305004495a9","hash":"c33d9000bf8df5674c09d31c23d6c4f88d70cfaf"}
,"/home/chebok/fullstack-javascript-project-lvl2/src/isObject.js": {"path":"/home/chebok/fullstack-javascript-project-lvl2/src/isObject.js","statementMap":{"0":{"start":{"line":1,"column":17},"end":{"line":1,"column":67}},"1":{"start":{"line":1,"column":27},"end":{"line":1,"column":66}}},"fnMap":{"0":{"name":"(anonymous_0)","decl":{"start":{"line":1,"column":17},"end":{"line":1,"column":18}},"loc":{"start":{"line":1,"column":27},"end":{"line":1,"column":66}},"line":1}},"branchMap":{"0":{"loc":{"start":{"line":1,"column":27},"end":{"line":1,"column":66}},"type":"binary-expr","locations":[{"start":{"line":1,"column":27},"end":{"line":1,"column":50}},{"start":{"line":1,"column":54},"end":{"line":1,"column":66}}],"line":1}},"s":{"0":1,"1":77},"f":{"0":77},"b":{"0":[77,40]},"_coverageSchema":"1a1c01bbd47fc00a2c39e90264f33305004495a9","hash":"018199df635d372ea01d9442fa429c08c0dea610"}
,"/home/chebok/fullstack-javascript-project-lvl2/src/makeDiff.js": {"path":"/home/chebok/fullstack-javascript-project-lvl2/src/makeDiff.js","statementMap":{"0":{"start":{"line":4,"column":17},"end":{"line":24,"column":1}},"1":{"start":{"line":5,"column":16},"end":{"line":5,"column":33}},"2":{"start":{"line":6,"column":16},"end":{"line":6,"column":33}},"3":{"start":{"line":7,"column":19},"end":{"line":7,"column":55}},"4":{"start":{"line":8,"column":19},"end":{"line":21,"column":3}},"5":{"start":{"line":9,"column":4},"end":{"line":11,"column":5}},"6":{"start":{"line":10,"column":6},"end":{"line":10,"column":59}},"7":{"start":{"line":12,"column":4},"end":{"line":14,"column":5}},"8":{"start":{"line":13,"column":6},"end":{"line":13,"column":59}},"9":{"start":{"line":15,"column":4},"end":{"line":17,"column":5}},"10":{"start":{"line":16,"column":6},"end":{"line":16,"column":83}},"11":{"start":{"line":18,"column":4},"end":{"line":20,"column":5}},"12":{"start":{"line":19,"column":6},"end":{"line":19,"column":80}},"13":{"start":{"line":20,"column":6},"end":{"line":20,"column":59}},"14":{"start":{"line":22,"column":21},"end":{"line":22,"column":43}},"15":{"start":{"line":23,"column":2},"end":{"line":23,"column":20}}},"fnMap":{"0":{"name":"(anonymous_0)","decl":{"start":{"line":4,"column":17},"end":{"line":4,"column":18}},"loc":{"start":{"line":4,"column":33},"end":{"line":24,"column":1}},"line":4},"1":{"name":"(anonymous_1)","decl":{"start":{"line":8,"column":19},"end":{"line":8,"column":20}},"loc":{"start":{"line":8,"column":28},"end":{"line":21,"column":3}},"line":8}},"branchMap":{"0":{"loc":{"start":{"line":9,"column":4},"end":{"line":11,"column":5}},"type":"if","locations":[{"start":{"line":9,"column":4},"end":{"line":11,"column":5}},{"start":{},"end":{}}],"line":9},"1":{"loc":{"start":{"line":12,"column":4},"end":{"line":14,"column":5}},"type":"if","locations":[{"start":{"line":12,"column":4},"end":{"line":14,"column":5}},{"start":{},"end":{}}],"line":12},"2":{"loc":{"start":{"line":15,"column":4},"end":{"line":17,"column":5}},"type":"if","locations":[{"start":{"line":15,"column":4},"end":{"line":17,"column":5}},{"start":{},"end":{}}],"line":15},"3":{"loc":{"start":{"line":15,"column":8},"end":{"line":15,"column":50}},"type":"binary-expr","locations":[{"start":{"line":15,"column":8},"end":{"line":15,"column":27}},{"start":{"line":15,"column":31},"end":{"line":15,"column":50}}],"line":15},"4":{"loc":{"start":{"line":18,"column":4},"end":{"line":20,"column":5}},"type":"if","locations":[{"start":{"line":18,"column":4},"end":{"line":20,"column":5}},{"start":{},"end":{}}],"line":18}},"s":{"0":1,"1":10,"2":10,"3":10,"4":10,"5":36,"6":4,"7":32,"8":10,"9":22,"10":8,"11":14,"12":8,"13":6,"14":10,"15":10},"f":{"0":10,"1":36},"b":{"0":[4,32],"1":[10,22],"2":[8,14],"3":[22,10],"4":[8,6]},"_coverageSchema":"1a1c01bbd47fc00a2c39e90264f33305004495a9","hash":"73be862aa7cf16c17af3f455bb21dd8e0354dcf0"}
,"/home/chebok/fullstack-javascript-project-lvl2/src/parsers.js": {"path":"/home/chebok/fullstack-javascript-project-lvl2/src/parsers.js","statementMap":{"0":{"start":{"line":5,"column":16},"end":{"line":9,"column":1}},"1":{"start":{"line":6,"column":14},"end":{"line":6,"column":36}},"2":{"start":{"line":7,"column":17},"end":{"line":7,"column":112}},"3":{"start":{"line":8,"column":2},"end":{"line":8,"column":16}}},"fnMap":{"0":{"name":"(anonymous_0)","decl":{"start":{"line":5,"column":16},"end":{"line":5,"column":17}},"loc":{"start":{"line":5,"column":30},"end":{"line":9,"column":1}},"line":5}},"branchMap":{"0":{"loc":{"start":{"line":7,"column":17},"end":{"line":7,"column":112}},"type":"cond-expr","locations":[{"start":{"line":7,"column":36},"end":{"line":7,"column":73}},{"start":{"line":7,"column":76},"end":{"line":7,"column":112}}],"line":7}},"s":{"0":1,"1":8,"2":8,"3":8},"f":{"0":8},"b":{"0":[0,8]},"_coverageSchema":"1a1c01bbd47fc00a2c39e90264f33305004495a9","hash":"d2f53a0fc72ab9b2edbd87317dc5c91a51b76ff3"}
,"/home/chebok/fullstack-javascript-project-lvl2/src/stringify.js": {"path":"/home/chebok/fullstack-javascript-project-lvl2/src/stringify.js","statementMap":{"0":{"start":{"line":1,"column":18},"end":{"line":12,"column":1}},"1":{"start":{"line":2,"column":2},"end":{"line":4,"column":3}},"2":{"start":{"line":3,"column":4},"end":{"line":3,"column":25}},"3":{"start":{"line":5,"column":15},"end":{"line":5,"column":33}},"4":{"start":{"line":6,"column":19},"end":{"line":10,"column":4}},"5":{"start":{"line":7,"column":4},"end":{"line":9,"column":5}},"6":{"start":{"line":8,"column":6},"end":{"line":8,"column":70}},"7":{"start":{"line":9,"column":6},"end":{"line":9,"column":102}},"8":{"start":{"line":11,"column":2},"end":{"line":11,"column":67}}},"fnMap":{"0":{"name":"(anonymous_0)","decl":{"start":{"line":1,"column":18},"end":{"line":1,"column":19}},"loc":{"start":{"line":1,"column":59},"end":{"line":12,"column":1}},"line":1},"1":{"name":"(anonymous_1)","decl":{"start":{"line":6,"column":28},"end":{"line":6,"column":29}},"loc":{"start":{"line":6,"column":37},"end":{"line":10,"column":3}},"line":6}},"branchMap":{"0":{"loc":{"start":{"line":1,"column":26},"end":{"line":1,"column":35}},"type":"default-arg","locations":[{"start":{"line":1,"column":34},"end":{"line":1,"column":35}}],"line":1},"1":{"loc":{"start":{"line":1,"column":37},"end":{"line":1,"column":54}},"type":"default-arg","locations":[{"start":{"line":1,"column":48},"end":{"line":1,"column":54}}],"line":1},"2":{"loc":{"start":{"line":2,"column":2},"end":{"line":4,"column":3}},"type":"if","locations":[{"start":{"line":2,"column":2},"end":{"line":4,"column":3}},{"start":{},"end":{}}],"line":2},"3":{"loc":{"start":{"line":2,"column":6},"end":{"line":2,"column":49}},"type":"binary-expr","locations":[{"start":{"line":2,"column":6},"end":{"line":2,"column":31}},{"start":{"line":2,"column":35},"end":{"line":2,"column":49}}],"line":2},"4":{"loc":{"start":{"line":7,"column":4},"end":{"line":9,"column":5}},"type":"if","locations":[{"start":{"line":7,"column":4},"end":{"line":9,"column":5}},{"start":{},"end":{}}],"line":7},"5":{"loc":{"start":{"line":7,"column":8},"end":{"line":7,"column":56}},"type":"binary-expr","locations":[{"start":{"line":7,"column":8},"end":{"line":7,"column":38}},{"start":{"line":7,"column":42},"end":{"line":7,"column":56}}],"line":7}},"s":{"0":1,"1":42,"2":28,"3":14,"4":14,"5":18,"6":12,"7":6,"8":14},"f":{"0":42,"1":18},"b":{"0":[0],"1":[36],"2":[28,14],"3":[42,16],"4":[12,6],"5":[18,6]},"_coverageSchema":"1a1c01bbd47fc00a2c39e90264f33305004495a9","hash":"64f861eb3a65512d06f7f4a315bb5b1ba3a29dc7"}
,"/home/chebok/fullstack-javascript-project-lvl2/src/formatters/index.js": {"path":"/home/chebok/fullstack-javascript-project-lvl2/src/formatters/index.js","statementMap":{"0":{"start":{"line":5,"column":17},"end":{"line":14,"column":1}},"1":{"start":{"line":6,"column":2},"end":{"line":13,"column":3}},"2":{"start":{"line":8,"column":6},"end":{"line":8,"column":33}},"3":{"start":{"line":10,"column":6},"end":{"line":10,"column":31}},"4":{"start":{"line":12,"column":6},"end":{"line":12,"column":30}}},"fnMap":{"0":{"name":"(anonymous_0)","decl":{"start":{"line":5,"column":17},"end":{"line":5,"column":18}},"loc":{"start":{"line":5,"column":41},"end":{"line":14,"column":1}},"line":5}},"branchMap":{"0":{"loc":{"start":{"line":6,"column":2},"end":{"line":13,"column":3}},"type":"switch","locations":[{"start":{"line":7,"column":4},"end":{"line":8,"column":33}},{"start":{"line":9,"column":4},"end":{"line":10,"column":31}},{"start":{"line":11,"column":4},"end":{"line":12,"column":30}}],"line":6}},"s":{"0":1,"1":4,"2":2,"3":1,"4":1},"f":{"0":4},"b":{"0":[2,1,1]},"_coverageSchema":"1a1c01bbd47fc00a2c39e90264f33305004495a9","hash":"13c32de21f695c7ea150283f992a04e469175eac"}
,"/home/chebok/fullstack-javascript-project-lvl2/src/formatters/json.js": {"path":"/home/chebok/fullstack-javascript-project-lvl2/src/formatters/json.js","statementMap":{"0":{"start":{"line":3,"column":13},"end":{"line":7,"column":1}},"1":{"start":{"line":4,"column":21},"end":{"line":4,"column":41}},"2":{"start":{"line":5,"column":17},"end":{"line":5,"column":43}},"3":{"start":{"line":6,"column":2},"end":{"line":6,"column":16}}},"fnMap":{"0":{"name":"(anonymous_0)","decl":{"start":{"line":3,"column":13},"end":{"line":3,"column":14}},"loc":{"start":{"line":3,"column":29},"end":{"line":7,"column":1}},"line":3}},"branchMap":{},"s":{"0":1,"1":1,"2":1,"3":1},"f":{"0":1},"b":{},"_coverageSchema":"1a1c01bbd47fc00a2c39e90264f33305004495a9","hash":"906db434e290849df5d48cccd849c87d5bc72535"}
,"/home/chebok/fullstack-javascript-project-lvl2/src/formatters/plain.js": {"path":"/home/chebok/fullstack-javascript-project-lvl2/src/formatters/plain.js","statementMap":{"0":{"start":{"line":4,"column":15},"end":{"line":35,"column":1}},"1":{"start":{"line":5,"column":21},"end":{"line":5,"column":41}},"2":{"start":{"line":6,"column":15},"end":{"line":33,"column":3}},"3":{"start":{"line":7,"column":21},"end":{"line":28,"column":5}},"4":{"start":{"line":8,"column":23},"end":{"line":15,"column":7}},"5":{"start":{"line":9,"column":8},"end":{"line":11,"column":9}},"6":{"start":{"line":10,"column":10},"end":{"line":10,"column":35}},"7":{"start":{"line":12,"column":8},"end":{"line":14,"column":9}},"8":{"start":{"line":13,"column":10},"end":{"line":13,"column":30}},"9":{"start":{"line":14,"column":10},"end":{"line":14,"column":28}},"10":{"start":{"line":16,"column":6},"end":{"line":27,"column":7}},"11":{"start":{"line":18,"column":10},"end":{"line":18,"column":66}},"12":{"start":{"line":20,"column":10},"end":{"line":20,"column":102}},"13":{"start":{"line":22,"column":10},"end":{"line":22,"column":129}},"14":{"start":{"line":24,"column":10},"end":{"line":24,"column":30}},"15":{"start":{"line":26,"column":10},"end":{"line":26,"column":71}},"16":{"start":{"line":29,"column":22},"end":{"line":29,"column":46}},"17":{"start":{"line":30,"column":28},"end":{"line":30,"column":79}},"18":{"start":{"line":30,"column":56},"end":{"line":30,"column":78}},"19":{"start":{"line":31,"column":22},"end":{"line":31,"column":52}},"20":{"start":{"line":31,"column":32},"end":{"line":31,"column":51}},"21":{"start":{"line":32,"column":4},"end":{"line":32,"column":38}},"22":{"start":{"line":34,"column":2},"end":{"line":34,"column":26}}},"fnMap":{"0":{"name":"(anonymous_0)","decl":{"start":{"line":4,"column":15},"end":{"line":4,"column":16}},"loc":{"start":{"line":4,"column":31},"end":{"line":35,"column":1}},"line":4},"1":{"name":"(anonymous_1)","decl":{"start":{"line":6,"column":15},"end":{"line":6,"column":16}},"loc":{"start":{"line":6,"column":43},"end":{"line":33,"column":3}},"line":6},"2":{"name":"(anonymous_2)","decl":{"start":{"line":7,"column":21},"end":{"line":7,"column":22}},"loc":{"start":{"line":7,"column":33},"end":{"line":28,"column":5}},"line":7},"3":{"name":"(anonymous_3)","decl":{"start":{"line":8,"column":23},"end":{"line":8,"column":24}},"loc":{"start":{"line":8,"column":34},"end":{"line":15,"column":7}},"line":8},"4":{"name":"(anonymous_4)","decl":{"start":{"line":30,"column":45},"end":{"line":30,"column":46}},"loc":{"start":{"line":30,"column":56},"end":{"line":30,"column":78}},"line":30},"5":{"name":"(anonymous_5)","decl":{"start":{"line":31,"column":22},"end":{"line":31,"column":23}},"loc":{"start":{"line":31,"column":32},"end":{"line":31,"column":51}},"line":31}},"branchMap":{"0":{"loc":{"start":{"line":6,"column":28},"end":{"line":6,"column":38}},"type":"default-arg","locations":[{"start":{"line":6,"column":36},"end":{"line":6,"column":38}}],"line":6},"1":{"loc":{"start":{"line":9,"column":8},"end":{"line":11,"column":9}},"type":"if","locations":[{"start":{"line":9,"column":8},"end":{"line":11,"column":9}},{"start":{},"end":{}}],"line":9},"2":{"loc":{"start":{"line":12,"column":8},"end":{"line":14,"column":9}},"type":"if","locations":[{"start":{"line":12,"column":8},"end":{"line":14,"column":9}},{"start":{},"end":{}}],"line":12},"3":{"loc":{"start":{"line":16,"column":6},"end":{"line":27,"column":7}},"type":"switch","locations":[{"start":{"line":17,"column":8},"end":{"line":18,"column":66}},{"start":{"line":19,"column":8},"end":{"line":20,"column":102}},{"start":{"line":21,"column":8},"end":{"line":22,"column":129}},{"start":{"line":23,"column":8},"end":{"line":24,"column":30}},{"start":{"line":25,"column":8},"end":{"line":26,"column":71}}],"line":16}},"s":{"0":1,"1":1,"2":1,"3":5,"4":18,"5":13,"6":3,"7":10,"8":7,"9":3,"10":18,"11":2,"12":5,"13":4,"14":3,"15":4,"16":5,"17":5,"18":18,"19":5,"20":5,"21":5,"22":1},"f":{"0":1,"1":5,"2":18,"3":13,"4":18,"5":5},"b":{"0":[1],"1":[3,10],"2":[7,3],"3":[2,5,4,3,4]},"_coverageSchema":"1a1c01bbd47fc00a2c39e90264f33305004495a9","hash":"142c0104a2fc3ffbaa2de868976c97ad0d4ab481"}
,"/home/chebok/fullstack-javascript-project-lvl2/src/formatters/stylish.js": {"path":"/home/chebok/fullstack-javascript-project-lvl2/src/formatters/stylish.js","statementMap":{"0":{"start":{"line":5,"column":16},"end":{"line":31,"column":1}},"1":{"start":{"line":6,"column":15},"end":{"line":29,"column":3}},"2":{"start":{"line":7,"column":18},"end":{"line":7,"column":35}},"3":{"start":{"line":8,"column":18},"end":{"line":8,"column":35}},"4":{"start":{"line":9,"column":21},"end":{"line":9,"column":57}},"5":{"start":{"line":10,"column":21},"end":{"line":25,"column":5}},"6":{"start":{"line":11,"column":6},"end":{"line":18,"column":7}},"7":{"start":{"line":12,"column":8},"end":{"line":14,"column":9}},"8":{"start":{"line":13,"column":10},"end":{"line":13,"column":103}},"9":{"start":{"line":15,"column":8},"end":{"line":17,"column":9}},"10":{"start":{"line":16,"column":10},"end":{"line":16,"column":93}},"11":{"start":{"line":17,"column":10},"end":{"line":17,"column":170}},"12":{"start":{"line":19,"column":6},"end":{"line":21,"column":7}},"13":{"start":{"line":20,"column":8},"end":{"line":20,"column":93}},"14":{"start":{"line":22,"column":6},"end":{"line":24,"column":7}},"15":{"start":{"line":23,"column":8},"end":{"line":23,"column":93}},"16":{"start":{"line":26,"column":23},"end":{"line":26,"column":45}},"17":{"start":{"line":27,"column":22},"end":{"line":27,"column":87}},"18":{"start":{"line":27,"column":32},"end":{"line":27,"column":86}},"19":{"start":{"line":28,"column":4},"end":{"line":28,"column":33}},"20":{"start":{"line":30,"column":2},"end":{"line":30,"column":26}}},"fnMap":{"0":{"name":"(anonymous_0)","decl":{"start":{"line":5,"column":16},"end":{"line":5,"column":17}},"loc":{"start":{"line":5,"column":32},"end":{"line":31,"column":1}},"line":5},"1":{"name":"(anonymous_1)","decl":{"start":{"line":6,"column":15},"end":{"line":6,"column":16}},"loc":{"start":{"line":6,"column":59},"end":{"line":29,"column":3}},"line":6},"2":{"name":"(anonymous_2)","decl":{"start":{"line":10,"column":21},"end":{"line":10,"column":22}},"loc":{"start":{"line":10,"column":30},"end":{"line":25,"column":5}},"line":10},"3":{"name":"(anonymous_3)","decl":{"start":{"line":27,"column":22},"end":{"line":27,"column":23}},"loc":{"start":{"line":27,"column":32},"end":{"line":27,"column":86}},"line":27}},"branchMap":{"0":{"loc":{"start":{"line":6,"column":28},"end":{"line":6,"column":37}},"type":"default-arg","locations":[{"start":{"line":6,"column":36},"end":{"line":6,"column":37}}],"line":6},"1":{"loc":{"start":{"line":6,"column":39},"end":{"line":6,"column":54}},"type":"default-arg","locations":[{"start":{"line":6,"column":50},"end":{"line":6,"column":54}}],"line":6},"2":{"loc":{"start":{"line":11,"column":6},"end":{"line":18,"column":7}},"type":"if","locations":[{"start":{"line":11,"column":6},"end":{"line":18,"column":7}},{"start":{},"end":{}}],"line":11},"3":{"loc":{"start":{"line":11,"column":10},"end":{"line":11,"column":52}},"type":"binary-expr","locations":[{"start":{"line":11,"column":10},"end":{"line":11,"column":29}},{"start":{"line":11,"column":33},"end":{"line":11,"column":52}}],"line":11},"4":{"loc":{"start":{"line":12,"column":8},"end":{"line":14,"column":9}},"type":"if","locations":[{"start":{"line":12,"column":8},"end":{"line":14,"column":9}},{"start":{},"end":{}}],"line":12},"5":{"loc":{"start":{"line":12,"column":12},"end":{"line":12,"column":54}},"type":"binary-expr","locations":[{"start":{"line":12,"column":12},"end":{"line":12,"column":31}},{"start":{"line":12,"column":35},"end":{"line":12,"column":54}}],"line":12},"6":{"loc":{"start":{"line":15,"column":8},"end":{"line":17,"column":9}},"type":"if","locations":[{"start":{"line":15,"column":8},"end":{"line":17,"column":9}},{"start":{},"end":{}}],"line":15},"7":{"loc":{"start":{"line":19,"column":6},"end":{"line":21,"column":7}},"type":"if","locations":[{"start":{"line":19,"column":6},"end":{"line":21,"column":7}},{"start":{},"end":{}}],"line":19},"8":{"loc":{"start":{"line":22,"column":6},"end":{"line":24,"column":7}},"type":"if","locations":[{"start":{"line":22,"column":6},"end":{"line":24,"column":7}},{"start":{},"end":{}}],"line":22}},"s":{"0":1,"1":2,"2":10,"3":10,"4":10,"5":10,"6":36,"7":22,"8":8,"9":14,"10":6,"11":8,"12":14,"13":4,"14":10,"15":10,"16":10,"17":10,"18":10,"19":10,"20":2},"f":{"0":2,"1":10,"2":36,"3":10},"b":{"0":[2],"1":[10],"2":[22,14],"3":[36,26],"4":[8,14],"5":[22,10],"6":[6,8],"7":[4,10],"8":[10,0]},"_coverageSchema":"1a1c01bbd47fc00a2c39e90264f33305004495a9","hash":"17269e2c833097177138cf9ca69714a83a870fd2"}
}
