TN:
SF:src/index.js
FN:4,(anonymous_0)
FNF:1
FNH:1
FNDA:4,(anonymous_0)
DA:4,1
DA:5,4
DA:6,4
DA:7,4
DA:8,4
LF:5
LH:5
BRDA:4,0,0,2
BRF:1
BRH:1
end_of_record
TN:
SF:src/isObject.js
FN:1,(anonymous_0)
FNF:1
FNH:1
FNDA:77,(anonymous_0)
DA:1,77
LF:1
LH:1
BRDA:1,0,0,77
BRDA:1,0,1,40
BRF:2
BRH:2
end_of_record
TN:
SF:src/makeDiff.js
FN:4,(anonymous_0)
FN:8,(anonymous_1)
FNF:2
FNH:2
FNDA:10,(anonymous_0)
FNDA:36,(anonymous_1)
DA:4,1
DA:5,10
DA:6,10
DA:7,10
DA:8,10
DA:9,36
DA:10,4
DA:12,32
DA:13,10
DA:15,22
DA:16,8
DA:18,14
DA:19,8
DA:20,6
DA:22,10
DA:23,10
LF:16
LH:16
BRDA:9,0,0,4
BRDA:9,0,1,32
BRDA:12,1,0,10
BRDA:12,1,1,22
BRDA:15,2,0,8
BRDA:15,2,1,14
BRDA:15,3,0,22
BRDA:15,3,1,10
BRDA:18,4,0,8
BRDA:18,4,1,6
BRF:10
BRH:10
end_of_record
TN:
SF:src/parsers.js
FN:5,(anonymous_0)
FNF:1
FNH:1
FNDA:8,(anonymous_0)
DA:5,1
DA:6,8
DA:7,8
DA:8,8
LF:4
LH:4
BRDA:7,0,0,0
BRDA:7,0,1,8
BRF:2
BRH:1
end_of_record
TN:
SF:src/stringify.js
FN:1,(anonymous_0)
FN:6,(anonymous_1)
FNF:2
FNH:2
FNDA:42,(anonymous_0)
FNDA:18,(anonymous_1)
DA:1,1
DA:2,42
DA:3,28
DA:5,14
DA:6,14
DA:7,18
DA:8,12
DA:9,6
DA:11,14
LF:9
LH:9
BRDA:1,0,0,0
BRDA:1,1,0,36
BRDA:2,2,0,28
BRDA:2,2,1,14
BRDA:2,3,0,42
BRDA:2,3,1,16
BRDA:7,4,0,12
BRDA:7,4,1,6
BRDA:7,5,0,18
BRDA:7,5,1,6
BRF:10
BRH:9
end_of_record
TN:
SF:src/formatters/index.js
FN:5,(anonymous_0)
FNF:1
FNH:1
FNDA:4,(anonymous_0)
DA:5,1
DA:6,4
DA:8,2
DA:10,1
DA:12,1
LF:5
LH:5
BRDA:6,0,0,2
BRDA:6,0,1,1
BRDA:6,0,2,1
BRF:3
BRH:3
end_of_record
TN:
SF:src/formatters/json.js
FN:3,(anonymous_0)
FNF:1
FNH:1
FNDA:1,(anonymous_0)
DA:3,1
DA:4,1
DA:5,1
DA:6,1
LF:4
LH:4
BRF:0
BRH:0
end_of_record
TN:
SF:src/formatters/plain.js
FN:4,(anonymous_0)
FN:6,(anonymous_1)
FN:7,(anonymous_2)
FN:8,(anonymous_3)
FN:30,(anonymous_4)
FN:31,(anonymous_5)
FNF:6
FNH:6
FNDA:1,(anonymous_0)
FNDA:5,(anonymous_1)
FNDA:18,(anonymous_2)
FNDA:13,(anonymous_3)
FNDA:18,(anonymous_4)
FNDA:5,(anonymous_5)
DA:4,1
DA:5,1
DA:6,1
DA:7,5
DA:8,18
DA:9,13
DA:10,3
DA:12,10
DA:13,7
DA:14,3
DA:16,18
DA:18,2
DA:20,5
DA:22,4
DA:24,3
DA:26,4
DA:29,5
DA:30,18
DA:31,5
DA:32,5
DA:34,1
LF:21
LH:21
BRDA:6,0,0,1
BRDA:9,1,0,3
BRDA:9,1,1,10
BRDA:12,2,0,7
BRDA:12,2,1,3
BRDA:16,3,0,2
BRDA:16,3,1,5
BRDA:16,3,2,4
BRDA:16,3,3,3
BRDA:16,3,4,4
BRF:10
BRH:10
end_of_record
TN:
SF:src/formatters/stylish.js
FN:5,(anonymous_0)
FN:6,(anonymous_1)
FN:10,(anonymous_2)
FN:27,(anonymous_3)
FNF:4
FNH:4
FNDA:2,(anonymous_0)
FNDA:10,(anonymous_1)
FNDA:36,(anonymous_2)
FNDA:10,(anonymous_3)
DA:5,1
DA:6,2
DA:7,10
DA:8,10
DA:9,10
DA:10,10
DA:11,36
DA:12,22
DA:13,8
DA:15,14
DA:16,6
DA:17,8
DA:19,14
DA:20,4
DA:22,10
DA:23,10
DA:26,10
DA:27,10
DA:28,10
DA:30,2
LF:20
LH:20
BRDA:6,0,0,2
BRDA:6,1,0,10
BRDA:11,2,0,22
BRDA:11,2,1,14
BRDA:11,3,0,36
BRDA:11,3,1,26
BRDA:12,4,0,8
BRDA:12,4,1,14
BRDA:12,5,0,22
BRDA:12,5,1,10
BRDA:15,6,0,6
BRDA:15,6,1,8
BRDA:19,7,0,4
BRDA:19,7,1,10
BRDA:22,8,0,10
BRDA:22,8,1,0
BRF:16
BRH:15
end_of_record
