TN:
SF:src/index.js
FN:6,(anonymous_0)
FN:23,(anonymous_1)
FNF:2
FNH:2
FNDA:3,(anonymous_0)
FNDA:8,(anonymous_1)
DA:6,1
DA:7,3
DA:8,3
DA:9,3
DA:10,3
DA:11,0
DA:13,3
DA:14,0
DA:17,3
DA:18,3
DA:19,3
DA:20,3
DA:21,3
DA:23,3
DA:24,8
DA:25,4
DA:26,1
DA:27,3
DA:29,4
DA:30,4
DA:32,0
DA:33,0
DA:36,3
DA:37,3
DA:38,3
LF:25
LH:21
BRDA:10,0,0,0
BRDA:10,0,1,3
BRDA:13,1,0,0
BRDA:13,1,1,3
BRDA:24,2,0,4
BRDA:24,2,1,4
BRDA:24,3,0,8
BRDA:24,3,1,8
BRDA:25,4,0,1
BRDA:25,4,1,3
BRDA:29,5,0,4
BRDA:29,5,1,0
BRDA:32,6,0,0
BRDA:32,6,1,0
BRF:14
BRH:9
end_of_record
